2019-09-28 00:15:56,326 INFO 52245 [egg-schedule]: register schedule /Users/aiyining/Desktop/node/egg/node_modules/_egg-multipart@2.9.0@egg-multipart/app/schedule/clean_tmpdir.js
2019-09-28 00:15:56,326 INFO 52245 [egg-schedule]: register schedule /Users/aiyining/Desktop/node/egg/node_modules/_egg-logrotator@3.1.0@egg-logrotator/app/schedule/clean_log.js
2019-09-28 00:15:56,327 INFO 52245 [egg-schedule]: register schedule /Users/aiyining/Desktop/node/egg/node_modules/_egg-logrotator@3.1.0@egg-logrotator/app/schedule/rotate_by_file.js
2019-09-28 00:16:00,100 INFO 52266 [egg-schedule]: register schedule /Users/aiyining/Desktop/node/egg/node_modules/_egg-multipart@2.9.0@egg-multipart/app/schedule/clean_tmpdir.js
2019-09-28 00:16:00,100 INFO 52266 [egg-schedule]: register schedule /Users/aiyining/Desktop/node/egg/node_modules/_egg-logrotator@3.1.0@egg-logrotator/app/schedule/clean_log.js
2019-09-28 00:16:00,100 INFO 52266 [egg-schedule]: register schedule /Users/aiyining/Desktop/node/egg/node_modules/_egg-logrotator@3.1.0@egg-logrotator/app/schedule/rotate_by_file.js
2019-09-28 00:17:14,200 INFO 52618 [egg-schedule]: register schedule /Users/aiyining/Desktop/node/egg/node_modules/_egg-multipart@2.9.0@egg-multipart/app/schedule/clean_tmpdir.js
2019-09-28 00:17:14,200 INFO 52618 [egg-schedule]: register schedule /Users/aiyining/Desktop/node/egg/node_modules/_egg-logrotator@3.1.0@egg-logrotator/app/schedule/clean_log.js
2019-09-28 00:17:14,200 INFO 52618 [egg-schedule]: register schedule /Users/aiyining/Desktop/node/egg/node_modules/_egg-logrotator@3.1.0@egg-logrotator/app/schedule/rotate_by_file.js
2019-09-28 00:17:15,370 INFO 52629 [egg-schedule]: register schedule /Users/aiyining/Desktop/node/egg/node_modules/_egg-multipart@2.9.0@egg-multipart/app/schedule/clean_tmpdir.js
2019-09-28 00:17:15,370 INFO 52629 [egg-schedule]: register schedule /Users/aiyining/Desktop/node/egg/node_modules/_egg-logrotator@3.1.0@egg-logrotator/app/schedule/clean_log.js
2019-09-28 00:17:15,370 INFO 52629 [egg-schedule]: register schedule /Users/aiyining/Desktop/node/egg/node_modules/_egg-logrotator@3.1.0@egg-logrotator/app/schedule/rotate_by_file.js
2019-09-28 00:17:42,097 INFO 52747 [egg-schedule]: register schedule /Users/aiyining/Desktop/node/egg/node_modules/_egg-multipart@2.9.0@egg-multipart/app/schedule/clean_tmpdir.js
2019-09-28 00:17:42,097 INFO 52747 [egg-schedule]: register schedule /Users/aiyining/Desktop/node/egg/node_modules/_egg-logrotator@3.1.0@egg-logrotator/app/schedule/clean_log.js
2019-09-28 00:17:42,097 INFO 52747 [egg-schedule]: register schedule /Users/aiyining/Desktop/node/egg/node_modules/_egg-logrotator@3.1.0@egg-logrotator/app/schedule/rotate_by_file.js
2019-09-28 00:25:42,787 INFO 54942 [egg-schedule]: register schedule /Users/aiyining/Desktop/node/egg/node_modules/_egg-multipart@2.9.0@egg-multipart/app/schedule/clean_tmpdir.js
2019-09-28 00:25:42,787 INFO 54942 [egg-schedule]: register schedule /Users/aiyining/Desktop/node/egg/node_modules/_egg-logrotator@3.1.0@egg-logrotator/app/schedule/clean_log.js
2019-09-28 00:25:42,787 INFO 54942 [egg-schedule]: register schedule /Users/aiyining/Desktop/node/egg/node_modules/_egg-logrotator@3.1.0@egg-logrotator/app/schedule/rotate_by_file.js
2019-09-28 00:34:50,538 INFO 57466 [egg-schedule]: register schedule /Users/aiyining/Desktop/node/egg/node_modules/_egg-multipart@2.9.0@egg-multipart/app/schedule/clean_tmpdir.js
2019-09-28 00:34:50,538 INFO 57466 [egg-schedule]: register schedule /Users/aiyining/Desktop/node/egg/node_modules/_egg-logrotator@3.1.0@egg-logrotator/app/schedule/clean_log.js
2019-09-28 00:34:50,538 INFO 57466 [egg-schedule]: register schedule /Users/aiyining/Desktop/node/egg/node_modules/_egg-logrotator@3.1.0@egg-logrotator/app/schedule/rotate_by_file.js
2019-09-28 00:35:05,552 INFO 57544 [egg-schedule]: register schedule /Users/aiyining/Desktop/node/egg/node_modules/_egg-multipart@2.9.0@egg-multipart/app/schedule/clean_tmpdir.js
2019-09-28 00:35:05,552 INFO 57544 [egg-schedule]: register schedule /Users/aiyining/Desktop/node/egg/node_modules/_egg-logrotator@3.1.0@egg-logrotator/app/schedule/clean_log.js
2019-09-28 00:35:05,552 INFO 57544 [egg-schedule]: register schedule /Users/aiyining/Desktop/node/egg/node_modules/_egg-logrotator@3.1.0@egg-logrotator/app/schedule/rotate_by_file.js
2019-09-28 00:35:21,431 INFO 57615 [egg-schedule]: register schedule /Users/aiyining/Desktop/node/egg/node_modules/_egg-multipart@2.9.0@egg-multipart/app/schedule/clean_tmpdir.js
2019-09-28 00:35:21,431 INFO 57615 [egg-schedule]: register schedule /Users/aiyining/Desktop/node/egg/node_modules/_egg-logrotator@3.1.0@egg-logrotator/app/schedule/clean_log.js
2019-09-28 00:35:21,431 INFO 57615 [egg-schedule]: register schedule /Users/aiyining/Desktop/node/egg/node_modules/_egg-logrotator@3.1.0@egg-logrotator/app/schedule/rotate_by_file.js
2019-09-28 10:53:22,808 INFO 92702 [egg-schedule]: register schedule /Users/aiyining/Desktop/node/egg/node_modules/_egg-multipart@2.9.0@egg-multipart/app/schedule/clean_tmpdir.js
2019-09-28 10:53:22,808 INFO 92702 [egg-schedule]: register schedule /Users/aiyining/Desktop/node/egg/node_modules/_egg-logrotator@3.1.0@egg-logrotator/app/schedule/clean_log.js
2019-09-28 10:53:22,808 INFO 92702 [egg-schedule]: register schedule /Users/aiyining/Desktop/node/egg/node_modules/_egg-logrotator@3.1.0@egg-logrotator/app/schedule/rotate_by_file.js
2019-09-28 11:05:41,678 INFO 96114 [egg-schedule]: register schedule /Users/aiyining/Desktop/node/egg/node_modules/_egg-multipart@2.9.0@egg-multipart/app/schedule/clean_tmpdir.js
2019-09-28 11:05:41,678 INFO 96114 [egg-schedule]: register schedule /Users/aiyining/Desktop/node/egg/node_modules/_egg-logrotator@3.1.0@egg-logrotator/app/schedule/clean_log.js
2019-09-28 11:05:41,678 INFO 96114 [egg-schedule]: register schedule /Users/aiyining/Desktop/node/egg/node_modules/_egg-logrotator@3.1.0@egg-logrotator/app/schedule/rotate_by_file.js
2019-09-28 11:05:58,221 INFO 96190 [egg-schedule]: register schedule /Users/aiyining/Desktop/node/egg/node_modules/_egg-multipart@2.9.0@egg-multipart/app/schedule/clean_tmpdir.js
2019-09-28 11:05:58,221 INFO 96190 [egg-schedule]: register schedule /Users/aiyining/Desktop/node/egg/node_modules/_egg-logrotator@3.1.0@egg-logrotator/app/schedule/clean_log.js
2019-09-28 11:05:58,221 INFO 96190 [egg-schedule]: register schedule /Users/aiyining/Desktop/node/egg/node_modules/_egg-logrotator@3.1.0@egg-logrotator/app/schedule/rotate_by_file.js
2019-09-28 11:12:13,226 INFO 97879 [egg-schedule]: register schedule /Users/aiyining/Desktop/node/egg/node_modules/_egg-multipart@2.9.0@egg-multipart/app/schedule/clean_tmpdir.js
2019-09-28 11:12:13,226 INFO 97879 [egg-schedule]: register schedule /Users/aiyining/Desktop/node/egg/node_modules/_egg-logrotator@3.1.0@egg-logrotator/app/schedule/clean_log.js
2019-09-28 11:12:13,226 INFO 97879 [egg-schedule]: register schedule /Users/aiyining/Desktop/node/egg/node_modules/_egg-logrotator@3.1.0@egg-logrotator/app/schedule/rotate_by_file.js
2019-09-28 11:12:46,984 INFO 98042 [egg-schedule]: register schedule /Users/aiyining/Desktop/node/egg/node_modules/_egg-multipart@2.9.0@egg-multipart/app/schedule/clean_tmpdir.js
2019-09-28 11:12:46,984 INFO 98042 [egg-schedule]: register schedule /Users/aiyining/Desktop/node/egg/node_modules/_egg-logrotator@3.1.0@egg-logrotator/app/schedule/clean_log.js
2019-09-28 11:12:46,984 INFO 98042 [egg-schedule]: register schedule /Users/aiyining/Desktop/node/egg/node_modules/_egg-logrotator@3.1.0@egg-logrotator/app/schedule/rotate_by_file.js
2019-09-28 11:12:53,982 INFO 98083 [egg-schedule]: register schedule /Users/aiyining/Desktop/node/egg/node_modules/_egg-multipart@2.9.0@egg-multipart/app/schedule/clean_tmpdir.js
2019-09-28 11:12:53,983 INFO 98083 [egg-schedule]: register schedule /Users/aiyining/Desktop/node/egg/node_modules/_egg-logrotator@3.1.0@egg-logrotator/app/schedule/clean_log.js
2019-09-28 11:12:53,983 INFO 98083 [egg-schedule]: register schedule /Users/aiyining/Desktop/node/egg/node_modules/_egg-logrotator@3.1.0@egg-logrotator/app/schedule/rotate_by_file.js
2019-09-28 11:14:41,979 INFO 98572 [egg-schedule]: register schedule /Users/aiyining/Desktop/node/egg/node_modules/_egg-multipart@2.9.0@egg-multipart/app/schedule/clean_tmpdir.js
2019-09-28 11:14:41,979 INFO 98572 [egg-schedule]: register schedule /Users/aiyining/Desktop/node/egg/node_modules/_egg-logrotator@3.1.0@egg-logrotator/app/schedule/clean_log.js
2019-09-28 11:14:41,979 INFO 98572 [egg-schedule]: register schedule /Users/aiyining/Desktop/node/egg/node_modules/_egg-logrotator@3.1.0@egg-logrotator/app/schedule/rotate_by_file.js
2019-09-28 11:18:29,147 INFO 99613 [egg-schedule]: register schedule /Users/aiyining/Desktop/node/egg/node_modules/_egg-multipart@2.9.0@egg-multipart/app/schedule/clean_tmpdir.js
2019-09-28 11:18:29,147 INFO 99613 [egg-schedule]: register schedule /Users/aiyining/Desktop/node/egg/node_modules/_egg-logrotator@3.1.0@egg-logrotator/app/schedule/clean_log.js
2019-09-28 11:18:29,147 INFO 99613 [egg-schedule]: register schedule /Users/aiyining/Desktop/node/egg/node_modules/_egg-logrotator@3.1.0@egg-logrotator/app/schedule/rotate_by_file.js
2019-09-28 11:19:59,981 INFO 147 [egg-schedule]: register schedule /Users/aiyining/Desktop/node/egg/node_modules/_egg-multipart@2.9.0@egg-multipart/app/schedule/clean_tmpdir.js
2019-09-28 11:19:59,981 INFO 147 [egg-schedule]: register schedule /Users/aiyining/Desktop/node/egg/node_modules/_egg-logrotator@3.1.0@egg-logrotator/app/schedule/clean_log.js
2019-09-28 11:19:59,981 INFO 147 [egg-schedule]: register schedule /Users/aiyining/Desktop/node/egg/node_modules/_egg-logrotator@3.1.0@egg-logrotator/app/schedule/rotate_by_file.js
2019-09-28 11:21:24,144 INFO 646 [egg-schedule]: register schedule /Users/aiyining/Desktop/node/egg/node_modules/_egg-multipart@2.9.0@egg-multipart/app/schedule/clean_tmpdir.js
2019-09-28 11:21:24,144 INFO 646 [egg-schedule]: register schedule /Users/aiyining/Desktop/node/egg/node_modules/_egg-logrotator@3.1.0@egg-logrotator/app/schedule/clean_log.js
2019-09-28 11:21:24,144 INFO 646 [egg-schedule]: register schedule /Users/aiyining/Desktop/node/egg/node_modules/_egg-logrotator@3.1.0@egg-logrotator/app/schedule/rotate_by_file.js
2019-09-28 11:21:41,614 INFO 732 [egg-schedule]: register schedule /Users/aiyining/Desktop/node/egg/node_modules/_egg-multipart@2.9.0@egg-multipart/app/schedule/clean_tmpdir.js
2019-09-28 11:21:41,614 INFO 732 [egg-schedule]: register schedule /Users/aiyining/Desktop/node/egg/node_modules/_egg-logrotator@3.1.0@egg-logrotator/app/schedule/clean_log.js
2019-09-28 11:21:41,614 INFO 732 [egg-schedule]: register schedule /Users/aiyining/Desktop/node/egg/node_modules/_egg-logrotator@3.1.0@egg-logrotator/app/schedule/rotate_by_file.js
2019-09-28 11:26:55,526 INFO 2168 [egg-schedule]: register schedule /Users/aiyining/Desktop/node/egg/node_modules/_egg-multipart@2.9.0@egg-multipart/app/schedule/clean_tmpdir.js
2019-09-28 11:26:55,526 INFO 2168 [egg-schedule]: register schedule /Users/aiyining/Desktop/node/egg/node_modules/_egg-logrotator@3.1.0@egg-logrotator/app/schedule/clean_log.js
2019-09-28 11:26:55,526 INFO 2168 [egg-schedule]: register schedule /Users/aiyining/Desktop/node/egg/node_modules/_egg-logrotator@3.1.0@egg-logrotator/app/schedule/rotate_by_file.js
2019-09-28 11:28:13,808 INFO 2530 [egg-schedule]: register schedule /Users/aiyining/Desktop/node/egg/node_modules/_egg-multipart@2.9.0@egg-multipart/app/schedule/clean_tmpdir.js
2019-09-28 11:28:13,808 INFO 2530 [egg-schedule]: register schedule /Users/aiyining/Desktop/node/egg/node_modules/_egg-logrotator@3.1.0@egg-logrotator/app/schedule/clean_log.js
2019-09-28 11:28:13,808 INFO 2530 [egg-schedule]: register schedule /Users/aiyining/Desktop/node/egg/node_modules/_egg-logrotator@3.1.0@egg-logrotator/app/schedule/rotate_by_file.js
2019-09-28 11:30:08,789 INFO 3056 [egg-schedule]: register schedule /Users/aiyining/Desktop/node/egg/node_modules/_egg-multipart@2.9.0@egg-multipart/app/schedule/clean_tmpdir.js
2019-09-28 11:30:08,789 INFO 3056 [egg-schedule]: register schedule /Users/aiyining/Desktop/node/egg/node_modules/_egg-logrotator@3.1.0@egg-logrotator/app/schedule/clean_log.js
2019-09-28 11:30:08,789 INFO 3056 [egg-schedule]: register schedule /Users/aiyining/Desktop/node/egg/node_modules/_egg-logrotator@3.1.0@egg-logrotator/app/schedule/rotate_by_file.js
2019-09-28 11:30:11,538 INFO 3072 [egg-schedule]: register schedule /Users/aiyining/Desktop/node/egg/node_modules/_egg-multipart@2.9.0@egg-multipart/app/schedule/clean_tmpdir.js
2019-09-28 11:30:11,538 INFO 3072 [egg-schedule]: register schedule /Users/aiyining/Desktop/node/egg/node_modules/_egg-logrotator@3.1.0@egg-logrotator/app/schedule/clean_log.js
2019-09-28 11:30:11,538 INFO 3072 [egg-schedule]: register schedule /Users/aiyining/Desktop/node/egg/node_modules/_egg-logrotator@3.1.0@egg-logrotator/app/schedule/rotate_by_file.js
2019-09-28 11:30:52,023 INFO 3254 [egg-schedule]: register schedule /Users/aiyining/Desktop/node/egg/node_modules/_egg-multipart@2.9.0@egg-multipart/app/schedule/clean_tmpdir.js
2019-09-28 11:30:52,024 INFO 3254 [egg-schedule]: register schedule /Users/aiyining/Desktop/node/egg/node_modules/_egg-logrotator@3.1.0@egg-logrotator/app/schedule/clean_log.js
2019-09-28 11:30:52,024 INFO 3254 [egg-schedule]: register schedule /Users/aiyining/Desktop/node/egg/node_modules/_egg-logrotator@3.1.0@egg-logrotator/app/schedule/rotate_by_file.js
2019-09-28 11:30:55,070 INFO 3270 [egg-schedule]: register schedule /Users/aiyining/Desktop/node/egg/node_modules/_egg-multipart@2.9.0@egg-multipart/app/schedule/clean_tmpdir.js
2019-09-28 11:30:55,070 INFO 3270 [egg-schedule]: register schedule /Users/aiyining/Desktop/node/egg/node_modules/_egg-logrotator@3.1.0@egg-logrotator/app/schedule/clean_log.js
2019-09-28 11:30:55,070 INFO 3270 [egg-schedule]: register schedule /Users/aiyining/Desktop/node/egg/node_modules/_egg-logrotator@3.1.0@egg-logrotator/app/schedule/rotate_by_file.js
2019-09-28 11:31:21,244 INFO 3392 [egg-schedule]: register schedule /Users/aiyining/Desktop/node/egg/node_modules/_egg-multipart@2.9.0@egg-multipart/app/schedule/clean_tmpdir.js
2019-09-28 11:31:21,244 INFO 3392 [egg-schedule]: register schedule /Users/aiyining/Desktop/node/egg/node_modules/_egg-logrotator@3.1.0@egg-logrotator/app/schedule/clean_log.js
2019-09-28 11:31:21,244 INFO 3392 [egg-schedule]: register schedule /Users/aiyining/Desktop/node/egg/node_modules/_egg-logrotator@3.1.0@egg-logrotator/app/schedule/rotate_by_file.js
2019-09-28 11:32:07,822 INFO 3605 [egg-schedule]: register schedule /Users/aiyining/Desktop/node/egg/node_modules/_egg-multipart@2.9.0@egg-multipart/app/schedule/clean_tmpdir.js
2019-09-28 11:32:07,822 INFO 3605 [egg-schedule]: register schedule /Users/aiyining/Desktop/node/egg/node_modules/_egg-logrotator@3.1.0@egg-logrotator/app/schedule/clean_log.js
2019-09-28 11:32:07,822 INFO 3605 [egg-schedule]: register schedule /Users/aiyining/Desktop/node/egg/node_modules/_egg-logrotator@3.1.0@egg-logrotator/app/schedule/rotate_by_file.js
2019-09-28 11:33:42,930 INFO 4032 [egg-schedule]: register schedule /Users/aiyining/Desktop/node/egg/node_modules/_egg-multipart@2.9.0@egg-multipart/app/schedule/clean_tmpdir.js
2019-09-28 11:33:42,930 INFO 4032 [egg-schedule]: register schedule /Users/aiyining/Desktop/node/egg/node_modules/_egg-logrotator@3.1.0@egg-logrotator/app/schedule/clean_log.js
2019-09-28 11:33:42,930 INFO 4032 [egg-schedule]: register schedule /Users/aiyining/Desktop/node/egg/node_modules/_egg-logrotator@3.1.0@egg-logrotator/app/schedule/rotate_by_file.js
2019-09-28 11:33:47,231 INFO 4058 [egg-schedule]: register schedule /Users/aiyining/Desktop/node/egg/node_modules/_egg-multipart@2.9.0@egg-multipart/app/schedule/clean_tmpdir.js
2019-09-28 11:33:47,231 INFO 4058 [egg-schedule]: register schedule /Users/aiyining/Desktop/node/egg/node_modules/_egg-logrotator@3.1.0@egg-logrotator/app/schedule/clean_log.js
2019-09-28 11:33:47,231 INFO 4058 [egg-schedule]: register schedule /Users/aiyining/Desktop/node/egg/node_modules/_egg-logrotator@3.1.0@egg-logrotator/app/schedule/rotate_by_file.js
2019-09-28 11:35:20,111 INFO 4481 [egg-schedule]: register schedule /Users/aiyining/Desktop/node/egg/node_modules/_egg-multipart@2.9.0@egg-multipart/app/schedule/clean_tmpdir.js
2019-09-28 11:35:20,111 INFO 4481 [egg-schedule]: register schedule /Users/aiyining/Desktop/node/egg/node_modules/_egg-logrotator@3.1.0@egg-logrotator/app/schedule/clean_log.js
2019-09-28 11:35:20,111 INFO 4481 [egg-schedule]: register schedule /Users/aiyining/Desktop/node/egg/node_modules/_egg-logrotator@3.1.0@egg-logrotator/app/schedule/rotate_by_file.js
2019-09-28 12:32:25,492 INFO 91879 [Timer] /Users/aiyining/Desktop/node/egg/node_modules/_egg-multipart@2.9.0@egg-multipart/app/schedule/clean_tmpdir.js next time will execute after 57454514ms at 2019-09-29 04:30:00.006
2019-09-28 12:32:25,490 INFO 4481 [Job#15696451454854940356476243951] /Users/aiyining/Desktop/node/egg/node_modules/_egg-multipart@2.9.0@egg-multipart/app/schedule/clean_tmpdir.js executing by app
2019-09-28 12:32:25,533 INFO 4481 [Job#15696451454854940356476243951] /Users/aiyining/Desktop/node/egg/node_modules/_egg-multipart@2.9.0@egg-multipart/app/schedule/clean_tmpdir.js execute succeed, used 42ms
2019-09-28 12:35:32,147 INFO 21012 [egg-schedule]: register schedule /Users/aiyining/Desktop/node/egg/node_modules/_egg-multipart@2.9.0@egg-multipart/app/schedule/clean_tmpdir.js
2019-09-28 12:35:32,147 INFO 21012 [egg-schedule]: register schedule /Users/aiyining/Desktop/node/egg/node_modules/_egg-logrotator@3.1.0@egg-logrotator/app/schedule/clean_log.js
2019-09-28 12:35:32,147 INFO 21012 [egg-schedule]: register schedule /Users/aiyining/Desktop/node/egg/node_modules/_egg-logrotator@3.1.0@egg-logrotator/app/schedule/rotate_by_file.js
2019-09-28 17:40:35,366 INFO 55656 [egg-schedule]: register schedule /Users/aiyining/Desktop/node/egg/node_modules/_egg-multipart@2.9.0@egg-multipart/app/schedule/clean_tmpdir.js
2019-09-28 17:40:35,366 INFO 55656 [egg-schedule]: register schedule /Users/aiyining/Desktop/node/egg/node_modules/_egg-logrotator@3.1.0@egg-logrotator/app/schedule/clean_log.js
2019-09-28 17:40:35,366 INFO 55656 [egg-schedule]: register schedule /Users/aiyining/Desktop/node/egg/node_modules/_egg-logrotator@3.1.0@egg-logrotator/app/schedule/rotate_by_file.js
2019-09-28 17:44:27,703 INFO 56706 [egg-schedule]: register schedule /Users/aiyining/Desktop/node/egg/node_modules/_egg-multipart@2.9.0@egg-multipart/app/schedule/clean_tmpdir.js
2019-09-28 17:44:27,704 INFO 56706 [egg-schedule]: register schedule /Users/aiyining/Desktop/node/egg/node_modules/_egg-logrotator@3.1.0@egg-logrotator/app/schedule/clean_log.js
2019-09-28 17:44:27,704 INFO 56706 [egg-schedule]: register schedule /Users/aiyining/Desktop/node/egg/node_modules/_egg-logrotator@3.1.0@egg-logrotator/app/schedule/rotate_by_file.js
2019-09-28 17:44:48,983 INFO 56807 [egg-schedule]: register schedule /Users/aiyining/Desktop/node/egg/node_modules/_egg-multipart@2.9.0@egg-multipart/app/schedule/clean_tmpdir.js
2019-09-28 17:44:48,984 INFO 56807 [egg-schedule]: register schedule /Users/aiyining/Desktop/node/egg/node_modules/_egg-logrotator@3.1.0@egg-logrotator/app/schedule/clean_log.js
2019-09-28 17:44:48,984 INFO 56807 [egg-schedule]: register schedule /Users/aiyining/Desktop/node/egg/node_modules/_egg-logrotator@3.1.0@egg-logrotator/app/schedule/rotate_by_file.js
2019-09-28 18:01:51,103 INFO 61488 [egg-schedule]: register schedule /Users/aiyining/Desktop/node/egg/node_modules/_egg-multipart@2.9.0@egg-multipart/app/schedule/clean_tmpdir.js
2019-09-28 18:01:51,103 INFO 61488 [egg-schedule]: register schedule /Users/aiyining/Desktop/node/egg/node_modules/_egg-logrotator@3.1.0@egg-logrotator/app/schedule/clean_log.js
2019-09-28 18:01:51,103 INFO 61488 [egg-schedule]: register schedule /Users/aiyining/Desktop/node/egg/node_modules/_egg-logrotator@3.1.0@egg-logrotator/app/schedule/rotate_by_file.js
2019-09-28 18:02:35,324 INFO 61698 [egg-schedule]: register schedule /Users/aiyining/Desktop/node/egg/node_modules/_egg-multipart@2.9.0@egg-multipart/app/schedule/clean_tmpdir.js
2019-09-28 18:02:35,324 INFO 61698 [egg-schedule]: register schedule /Users/aiyining/Desktop/node/egg/node_modules/_egg-logrotator@3.1.0@egg-logrotator/app/schedule/clean_log.js
2019-09-28 18:02:35,324 INFO 61698 [egg-schedule]: register schedule /Users/aiyining/Desktop/node/egg/node_modules/_egg-logrotator@3.1.0@egg-logrotator/app/schedule/rotate_by_file.js
2019-09-28 18:02:46,195 INFO 61749 [egg-schedule]: register schedule /Users/aiyining/Desktop/node/egg/node_modules/_egg-multipart@2.9.0@egg-multipart/app/schedule/clean_tmpdir.js
2019-09-28 18:02:46,195 INFO 61749 [egg-schedule]: register schedule /Users/aiyining/Desktop/node/egg/node_modules/_egg-logrotator@3.1.0@egg-logrotator/app/schedule/clean_log.js
2019-09-28 18:02:46,195 INFO 61749 [egg-schedule]: register schedule /Users/aiyining/Desktop/node/egg/node_modules/_egg-logrotator@3.1.0@egg-logrotator/app/schedule/rotate_by_file.js
2019-09-28 18:03:36,367 INFO 61980 [egg-schedule]: register schedule /Users/aiyining/Desktop/node/egg/node_modules/_egg-multipart@2.9.0@egg-multipart/app/schedule/clean_tmpdir.js
2019-09-28 18:03:36,367 INFO 61980 [egg-schedule]: register schedule /Users/aiyining/Desktop/node/egg/node_modules/_egg-logrotator@3.1.0@egg-logrotator/app/schedule/clean_log.js
2019-09-28 18:03:36,367 INFO 61980 [egg-schedule]: register schedule /Users/aiyining/Desktop/node/egg/node_modules/_egg-logrotator@3.1.0@egg-logrotator/app/schedule/rotate_by_file.js
2019-09-29 09:59:35,674 INFO 11907 [egg-schedule]: register schedule /Users/aiyining/Desktop/node/egg/node_modules/_egg-multipart@2.9.0@egg-multipart/app/schedule/clean_tmpdir.js
2019-09-29 09:59:35,674 INFO 11907 [egg-schedule]: register schedule /Users/aiyining/Desktop/node/egg/node_modules/_egg-logrotator@3.1.0@egg-logrotator/app/schedule/clean_log.js
2019-09-29 09:59:35,674 INFO 11907 [egg-schedule]: register schedule /Users/aiyining/Desktop/node/egg/node_modules/_egg-logrotator@3.1.0@egg-logrotator/app/schedule/rotate_by_file.js
2019-09-29 10:00:23,759 INFO 12127 [egg-schedule]: register schedule /Users/aiyining/Desktop/node/egg/node_modules/_egg-multipart@2.9.0@egg-multipart/app/schedule/clean_tmpdir.js
2019-09-29 10:00:23,759 INFO 12127 [egg-schedule]: register schedule /Users/aiyining/Desktop/node/egg/node_modules/_egg-logrotator@3.1.0@egg-logrotator/app/schedule/clean_log.js
2019-09-29 10:00:23,759 INFO 12127 [egg-schedule]: register schedule /Users/aiyining/Desktop/node/egg/node_modules/_egg-logrotator@3.1.0@egg-logrotator/app/schedule/rotate_by_file.js
2019-09-29 10:29:22,496 INFO 20007 [egg-schedule]: register schedule /Users/aiyining/Desktop/node/egg/node_modules/_egg-multipart@2.9.0@egg-multipart/app/schedule/clean_tmpdir.js
2019-09-29 10:29:22,496 INFO 20007 [egg-schedule]: register schedule /Users/aiyining/Desktop/node/egg/node_modules/_egg-logrotator@3.1.0@egg-logrotator/app/schedule/clean_log.js
2019-09-29 10:29:22,496 INFO 20007 [egg-schedule]: register schedule /Users/aiyining/Desktop/node/egg/node_modules/_egg-logrotator@3.1.0@egg-logrotator/app/schedule/rotate_by_file.js
2019-09-29 10:29:37,565 INFO 20073 [egg-schedule]: register schedule /Users/aiyining/Desktop/node/egg/node_modules/_egg-multipart@2.9.0@egg-multipart/app/schedule/clean_tmpdir.js
2019-09-29 10:29:37,565 INFO 20073 [egg-schedule]: register schedule /Users/aiyining/Desktop/node/egg/node_modules/_egg-logrotator@3.1.0@egg-logrotator/app/schedule/clean_log.js
2019-09-29 10:29:37,565 INFO 20073 [egg-schedule]: register schedule /Users/aiyining/Desktop/node/egg/node_modules/_egg-logrotator@3.1.0@egg-logrotator/app/schedule/rotate_by_file.js
2019-09-29 10:29:46,573 INFO 20114 [egg-schedule]: register schedule /Users/aiyining/Desktop/node/egg/node_modules/_egg-multipart@2.9.0@egg-multipart/app/schedule/clean_tmpdir.js
2019-09-29 10:29:46,573 INFO 20114 [egg-schedule]: register schedule /Users/aiyining/Desktop/node/egg/node_modules/_egg-logrotator@3.1.0@egg-logrotator/app/schedule/clean_log.js
2019-09-29 10:29:46,573 INFO 20114 [egg-schedule]: register schedule /Users/aiyining/Desktop/node/egg/node_modules/_egg-logrotator@3.1.0@egg-logrotator/app/schedule/rotate_by_file.js
2019-09-29 10:30:22,356 INFO 20279 [egg-schedule]: register schedule /Users/aiyining/Desktop/node/egg/node_modules/_egg-multipart@2.9.0@egg-multipart/app/schedule/clean_tmpdir.js
2019-09-29 10:30:22,356 INFO 20279 [egg-schedule]: register schedule /Users/aiyining/Desktop/node/egg/node_modules/_egg-logrotator@3.1.0@egg-logrotator/app/schedule/clean_log.js
2019-09-29 10:30:22,356 INFO 20279 [egg-schedule]: register schedule /Users/aiyining/Desktop/node/egg/node_modules/_egg-logrotator@3.1.0@egg-logrotator/app/schedule/rotate_by_file.js
2019-09-29 10:37:59,738 INFO 22256 [egg-schedule]: register schedule /Users/aiyining/Desktop/node/egg/node_modules/_egg-multipart@2.9.0@egg-multipart/app/schedule/clean_tmpdir.js
2019-09-29 10:37:59,738 INFO 22256 [egg-schedule]: register schedule /Users/aiyining/Desktop/node/egg/node_modules/_egg-logrotator@3.1.0@egg-logrotator/app/schedule/clean_log.js
2019-09-29 10:37:59,738 INFO 22256 [egg-schedule]: register schedule /Users/aiyining/Desktop/node/egg/node_modules/_egg-logrotator@3.1.0@egg-logrotator/app/schedule/rotate_by_file.js
2019-09-29 10:38:21,844 INFO 22357 [egg-schedule]: register schedule /Users/aiyining/Desktop/node/egg/node_modules/_egg-multipart@2.9.0@egg-multipart/app/schedule/clean_tmpdir.js
2019-09-29 10:38:21,844 INFO 22357 [egg-schedule]: register schedule /Users/aiyining/Desktop/node/egg/node_modules/_egg-logrotator@3.1.0@egg-logrotator/app/schedule/clean_log.js
2019-09-29 10:38:21,844 INFO 22357 [egg-schedule]: register schedule /Users/aiyining/Desktop/node/egg/node_modules/_egg-logrotator@3.1.0@egg-logrotator/app/schedule/rotate_by_file.js
2019-09-29 10:38:32,334 INFO 22413 [egg-schedule]: register schedule /Users/aiyining/Desktop/node/egg/node_modules/_egg-multipart@2.9.0@egg-multipart/app/schedule/clean_tmpdir.js
2019-09-29 10:38:32,334 INFO 22413 [egg-schedule]: register schedule /Users/aiyining/Desktop/node/egg/node_modules/_egg-logrotator@3.1.0@egg-logrotator/app/schedule/clean_log.js
2019-09-29 10:38:32,334 INFO 22413 [egg-schedule]: register schedule /Users/aiyining/Desktop/node/egg/node_modules/_egg-logrotator@3.1.0@egg-logrotator/app/schedule/rotate_by_file.js
2019-09-29 10:38:44,644 INFO 22469 [egg-schedule]: register schedule /Users/aiyining/Desktop/node/egg/node_modules/_egg-multipart@2.9.0@egg-multipart/app/schedule/clean_tmpdir.js
2019-09-29 10:38:44,644 INFO 22469 [egg-schedule]: register schedule /Users/aiyining/Desktop/node/egg/node_modules/_egg-logrotator@3.1.0@egg-logrotator/app/schedule/clean_log.js
2019-09-29 10:38:44,644 INFO 22469 [egg-schedule]: register schedule /Users/aiyining/Desktop/node/egg/node_modules/_egg-logrotator@3.1.0@egg-logrotator/app/schedule/rotate_by_file.js
2019-09-29 10:38:48,508 INFO 22485 [egg-schedule]: register schedule /Users/aiyining/Desktop/node/egg/node_modules/_egg-multipart@2.9.0@egg-multipart/app/schedule/clean_tmpdir.js
2019-09-29 10:38:48,508 INFO 22485 [egg-schedule]: register schedule /Users/aiyining/Desktop/node/egg/node_modules/_egg-logrotator@3.1.0@egg-logrotator/app/schedule/clean_log.js
2019-09-29 10:38:48,508 INFO 22485 [egg-schedule]: register schedule /Users/aiyining/Desktop/node/egg/node_modules/_egg-logrotator@3.1.0@egg-logrotator/app/schedule/rotate_by_file.js
2019-09-29 10:39:13,581 INFO 22596 [egg-schedule]: register schedule /Users/aiyining/Desktop/node/egg/node_modules/_egg-multipart@2.9.0@egg-multipart/app/schedule/clean_tmpdir.js
2019-09-29 10:39:13,581 INFO 22596 [egg-schedule]: register schedule /Users/aiyining/Desktop/node/egg/node_modules/_egg-logrotator@3.1.0@egg-logrotator/app/schedule/clean_log.js
2019-09-29 10:39:13,581 INFO 22596 [egg-schedule]: register schedule /Users/aiyining/Desktop/node/egg/node_modules/_egg-logrotator@3.1.0@egg-logrotator/app/schedule/rotate_by_file.js
2019-09-29 10:40:29,741 INFO 22933 [egg-schedule]: register schedule /Users/aiyining/Desktop/node/egg/node_modules/_egg-multipart@2.9.0@egg-multipart/app/schedule/clean_tmpdir.js
2019-09-29 10:40:29,741 INFO 22933 [egg-schedule]: register schedule /Users/aiyining/Desktop/node/egg/node_modules/_egg-logrotator@3.1.0@egg-logrotator/app/schedule/clean_log.js
2019-09-29 10:40:29,741 INFO 22933 [egg-schedule]: register schedule /Users/aiyining/Desktop/node/egg/node_modules/_egg-logrotator@3.1.0@egg-logrotator/app/schedule/rotate_by_file.js
2019-09-29 10:40:34,687 INFO 22964 [egg-schedule]: register schedule /Users/aiyining/Desktop/node/egg/node_modules/_egg-multipart@2.9.0@egg-multipart/app/schedule/clean_tmpdir.js
2019-09-29 10:40:34,687 INFO 22964 [egg-schedule]: register schedule /Users/aiyining/Desktop/node/egg/node_modules/_egg-logrotator@3.1.0@egg-logrotator/app/schedule/clean_log.js
2019-09-29 10:40:34,687 INFO 22964 [egg-schedule]: register schedule /Users/aiyining/Desktop/node/egg/node_modules/_egg-logrotator@3.1.0@egg-logrotator/app/schedule/rotate_by_file.js
2019-09-29 10:41:00,078 INFO 23082 [egg-schedule]: register schedule /Users/aiyining/Desktop/node/egg/node_modules/_egg-multipart@2.9.0@egg-multipart/app/schedule/clean_tmpdir.js
2019-09-29 10:41:00,078 INFO 23082 [egg-schedule]: register schedule /Users/aiyining/Desktop/node/egg/node_modules/_egg-logrotator@3.1.0@egg-logrotator/app/schedule/clean_log.js
2019-09-29 10:41:00,078 INFO 23082 [egg-schedule]: register schedule /Users/aiyining/Desktop/node/egg/node_modules/_egg-logrotator@3.1.0@egg-logrotator/app/schedule/rotate_by_file.js
2019-09-29 10:43:07,179 INFO 23663 [egg-schedule]: register schedule /Users/aiyining/Desktop/node/egg/node_modules/_egg-multipart@2.9.0@egg-multipart/app/schedule/clean_tmpdir.js
2019-09-29 10:43:07,179 INFO 23663 [egg-schedule]: register schedule /Users/aiyining/Desktop/node/egg/node_modules/_egg-logrotator@3.1.0@egg-logrotator/app/schedule/clean_log.js
2019-09-29 10:43:07,180 INFO 23663 [egg-schedule]: register schedule /Users/aiyining/Desktop/node/egg/node_modules/_egg-logrotator@3.1.0@egg-logrotator/app/schedule/rotate_by_file.js
2019-09-29 10:43:38,949 INFO 23818 [egg-schedule]: register schedule /Users/aiyining/Desktop/node/egg/node_modules/_egg-multipart@2.9.0@egg-multipart/app/schedule/clean_tmpdir.js
2019-09-29 10:43:38,949 INFO 23818 [egg-schedule]: register schedule /Users/aiyining/Desktop/node/egg/node_modules/_egg-logrotator@3.1.0@egg-logrotator/app/schedule/clean_log.js
2019-09-29 10:43:38,949 INFO 23818 [egg-schedule]: register schedule /Users/aiyining/Desktop/node/egg/node_modules/_egg-logrotator@3.1.0@egg-logrotator/app/schedule/rotate_by_file.js
2019-09-29 10:46:54,468 INFO 24695 [egg-schedule]: register schedule /Users/aiyining/Desktop/node/egg/node_modules/_egg-multipart@2.9.0@egg-multipart/app/schedule/clean_tmpdir.js
2019-09-29 10:46:54,468 INFO 24695 [egg-schedule]: register schedule /Users/aiyining/Desktop/node/egg/node_modules/_egg-logrotator@3.1.0@egg-logrotator/app/schedule/clean_log.js
2019-09-29 10:46:54,468 INFO 24695 [egg-schedule]: register schedule /Users/aiyining/Desktop/node/egg/node_modules/_egg-logrotator@3.1.0@egg-logrotator/app/schedule/rotate_by_file.js
2019-09-29 10:49:00,061 INFO 25254 [egg-schedule]: register schedule /Users/aiyining/Desktop/node/egg/node_modules/_egg-multipart@2.9.0@egg-multipart/app/schedule/clean_tmpdir.js
2019-09-29 10:49:00,061 INFO 25254 [egg-schedule]: register schedule /Users/aiyining/Desktop/node/egg/node_modules/_egg-logrotator@3.1.0@egg-logrotator/app/schedule/clean_log.js
2019-09-29 10:49:00,061 INFO 25254 [egg-schedule]: register schedule /Users/aiyining/Desktop/node/egg/node_modules/_egg-logrotator@3.1.0@egg-logrotator/app/schedule/rotate_by_file.js
2019-09-29 10:49:09,684 INFO 25300 [egg-schedule]: register schedule /Users/aiyining/Desktop/node/egg/node_modules/_egg-multipart@2.9.0@egg-multipart/app/schedule/clean_tmpdir.js
2019-09-29 10:49:09,684 INFO 25300 [egg-schedule]: register schedule /Users/aiyining/Desktop/node/egg/node_modules/_egg-logrotator@3.1.0@egg-logrotator/app/schedule/clean_log.js
2019-09-29 10:49:09,684 INFO 25300 [egg-schedule]: register schedule /Users/aiyining/Desktop/node/egg/node_modules/_egg-logrotator@3.1.0@egg-logrotator/app/schedule/rotate_by_file.js
2019-09-29 10:49:28,235 INFO 25386 [egg-schedule]: register schedule /Users/aiyining/Desktop/node/egg/node_modules/_egg-multipart@2.9.0@egg-multipart/app/schedule/clean_tmpdir.js
2019-09-29 10:49:28,235 INFO 25386 [egg-schedule]: register schedule /Users/aiyining/Desktop/node/egg/node_modules/_egg-logrotator@3.1.0@egg-logrotator/app/schedule/clean_log.js
2019-09-29 10:49:28,235 INFO 25386 [egg-schedule]: register schedule /Users/aiyining/Desktop/node/egg/node_modules/_egg-logrotator@3.1.0@egg-logrotator/app/schedule/rotate_by_file.js
2019-09-29 10:51:06,476 INFO 25823 [egg-schedule]: register schedule /Users/aiyining/Desktop/node/egg/node_modules/_egg-multipart@2.9.0@egg-multipart/app/schedule/clean_tmpdir.js
2019-09-29 10:51:06,476 INFO 25823 [egg-schedule]: register schedule /Users/aiyining/Desktop/node/egg/node_modules/_egg-logrotator@3.1.0@egg-logrotator/app/schedule/clean_log.js
2019-09-29 10:51:06,476 INFO 25823 [egg-schedule]: register schedule /Users/aiyining/Desktop/node/egg/node_modules/_egg-logrotator@3.1.0@egg-logrotator/app/schedule/rotate_by_file.js
2019-09-29 11:03:38,592 INFO 29216 [egg-schedule]: register schedule /Users/aiyining/Desktop/node/egg/node_modules/_egg-multipart@2.9.0@egg-multipart/app/schedule/clean_tmpdir.js
2019-09-29 11:03:38,592 INFO 29216 [egg-schedule]: register schedule /Users/aiyining/Desktop/node/egg/node_modules/_egg-logrotator@3.1.0@egg-logrotator/app/schedule/clean_log.js
2019-09-29 11:03:38,592 INFO 29216 [egg-schedule]: register schedule /Users/aiyining/Desktop/node/egg/node_modules/_egg-logrotator@3.1.0@egg-logrotator/app/schedule/rotate_by_file.js
2019-09-29 11:03:39,790 INFO 29227 [egg-schedule]: register schedule /Users/aiyining/Desktop/node/egg/node_modules/_egg-multipart@2.9.0@egg-multipart/app/schedule/clean_tmpdir.js
2019-09-29 11:03:39,790 INFO 29227 [egg-schedule]: register schedule /Users/aiyining/Desktop/node/egg/node_modules/_egg-logrotator@3.1.0@egg-logrotator/app/schedule/clean_log.js
2019-09-29 11:03:39,790 INFO 29227 [egg-schedule]: register schedule /Users/aiyining/Desktop/node/egg/node_modules/_egg-logrotator@3.1.0@egg-logrotator/app/schedule/rotate_by_file.js
2019-09-29 11:03:41,169 INFO 29233 [egg-schedule]: register schedule /Users/aiyining/Desktop/node/egg/node_modules/_egg-multipart@2.9.0@egg-multipart/app/schedule/clean_tmpdir.js
2019-09-29 11:03:41,169 INFO 29233 [egg-schedule]: register schedule /Users/aiyining/Desktop/node/egg/node_modules/_egg-logrotator@3.1.0@egg-logrotator/app/schedule/clean_log.js
2019-09-29 11:03:41,169 INFO 29233 [egg-schedule]: register schedule /Users/aiyining/Desktop/node/egg/node_modules/_egg-logrotator@3.1.0@egg-logrotator/app/schedule/rotate_by_file.js
2019-09-29 11:03:43,020 INFO 29239 [egg-schedule]: register schedule /Users/aiyining/Desktop/node/egg/node_modules/_egg-multipart@2.9.0@egg-multipart/app/schedule/clean_tmpdir.js
2019-09-29 11:03:43,020 INFO 29239 [egg-schedule]: register schedule /Users/aiyining/Desktop/node/egg/node_modules/_egg-logrotator@3.1.0@egg-logrotator/app/schedule/clean_log.js
2019-09-29 11:03:43,020 INFO 29239 [egg-schedule]: register schedule /Users/aiyining/Desktop/node/egg/node_modules/_egg-logrotator@3.1.0@egg-logrotator/app/schedule/rotate_by_file.js
2019-09-29 11:03:43,624 INFO 29245 [egg-schedule]: register schedule /Users/aiyining/Desktop/node/egg/node_modules/_egg-multipart@2.9.0@egg-multipart/app/schedule/clean_tmpdir.js
2019-09-29 11:03:43,624 INFO 29245 [egg-schedule]: register schedule /Users/aiyining/Desktop/node/egg/node_modules/_egg-logrotator@3.1.0@egg-logrotator/app/schedule/clean_log.js
2019-09-29 11:03:43,624 INFO 29245 [egg-schedule]: register schedule /Users/aiyining/Desktop/node/egg/node_modules/_egg-logrotator@3.1.0@egg-logrotator/app/schedule/rotate_by_file.js
2019-09-29 11:03:44,089 INFO 29251 [egg-schedule]: register schedule /Users/aiyining/Desktop/node/egg/node_modules/_egg-multipart@2.9.0@egg-multipart/app/schedule/clean_tmpdir.js
2019-09-29 11:03:44,089 INFO 29251 [egg-schedule]: register schedule /Users/aiyining/Desktop/node/egg/node_modules/_egg-logrotator@3.1.0@egg-logrotator/app/schedule/clean_log.js
2019-09-29 11:03:44,089 INFO 29251 [egg-schedule]: register schedule /Users/aiyining/Desktop/node/egg/node_modules/_egg-logrotator@3.1.0@egg-logrotator/app/schedule/rotate_by_file.js
